#
# There is insufficient memory for the Java Runtime Environment to continue.
# Native memory allocation (mmap) failed to map 193986560 bytes for Failed to commit area from 0x00000004e9f00000 to 0x00000004f5800000 of length 193986560.
# Possible reasons:
#   The system is out of physical RAM or swap space
#   The process is running with CompressedOops enabled, and the Java Heap may be blocking the growth of the native heap
# Possible solutions:
#   Reduce memory load on the system
#   Increase physical memory or swap space
#   Check if swap backing store is full
#   Decrease Java heap size (-Xmx/-Xms)
#   Decrease number of Java threads
#   Decrease Java thread stack sizes (-Xss)
#   Set larger code cache with -XX:ReservedCodeCacheSize=
#   JVM is running with Zero Based Compressed Oops mode in which the Java heap is
#     placed in the first 32GB address space. The Java Heap base address is the
#     maximum limit for the native heap growth. Please use -XX:HeapBaseMinAddress
#     to set the Java Heap base and to place the Java Heap above 32GB virtual address.
# This output file may be truncated or incomplete.
#
#  Out of Memory Error (./open/src/hotspot/os/windows/os_windows.cpp:3315), pid=40600, tid=27764
#
# JRE version: OpenJDK Runtime Environment (14.0.2+12) (build 14.0.2+12-46)
# Java VM: OpenJDK 64-Bit Server VM (14.0.2+12-46, mixed mode, tiered, compressed oops, g1 gc, windows-amd64)
# No core dump will be written. Minidumps are not enabled by default on client versions of Windows
#

---------------  S U M M A R Y ------------

Command Line: -Dfile.encoding=UTF-8 -XX:+ShowCodeDetailsInExceptionMessages Hearts.DrawHeartsValentineJpgPng

Host: Intel(R) Core(TM) i7-7500U CPU @ 2.70GHz, 4 cores, 15G,  Windows 10 , 64 bit Build 19041 (10.0.19041.5678)
Time: Mon May 12 09:54:14 2025 GMT Summer Time elapsed time: 6 seconds (0d 0h 0m 6s)

---------------  T H R E A D  ---------------

Current thread (0x0000019bd449e000):  VMThread "VM Thread" [stack: 0x00000007b9800000,0x00000007b9900000] [id=27764]

Stack: [0x00000007b9800000,0x00000007b9900000]
[error occurred during error reporting (printing stack bounds), id 0xc0000005, EXCEPTION_ACCESS_VIOLATION (0xc0000005) at pc=0x0000019bb8f710ad]

Native frames: (J=compiled Java code, j=interpreted, Vv=VM code, C=native code)
V  [jvm.dll+0x5f8a9a]
V  [jvm.dll+0x74247a]
V  [jvm.dll+0x743c2f]
V  [jvm.dll+0x7441d5]
V  [jvm.dll+0x74418b]
V  [jvm.dll+0x5f7f6f]
V  [jvm.dll+0x5f8738]
C  [ntdll.dll+0xa28bf]
C  [ntdll.dll+0x52554]
C  [ntdll.dll+0xa13ce]
C  0x0000019bb8f710ad

VM_Operation (0x00000007b94ff930): G1Concurrent, mode: safepoint, requested by thread 0x0000019bb533c000


---------------  P R O C E S S  ---------------

Threads class SMR info:
_java_thread_list=0x0000019bd4ab6d10, length=13, elements={
0x0000019bb52b1000, 0x0000019bd44b2800, 0x0000019bd44b3000, 0x0000019bd3bea800,
0x0000019bd3bed800, 0x0000019bd3bee800, 0x0000019bd44e9000, 0x0000019bd44f2800,
0x0000019bd453e800, 0x0000019bd4692000, 0x0000019bd468c000, 0x0000019bd4692800,
0x0000019bd468e800
}

Java Threads: ( => current thread )
  0x0000019bb52b1000 JavaThread "main" [_thread_blocked, id=33452, stack(0x00000007b9200000,0x00000007b9300000)]
  0x0000019bd44b2800 JavaThread "Reference Handler" daemon [_thread_blocked, id=25968, stack(0x00000007b9900000,0x00000007b9a00000)]
  0x0000019bd44b3000 JavaThread "Finalizer" daemon [_thread_blocked, id=38872, stack(0x00000007b9a00000,0x00000007b9b00000)]
  0x0000019bd3bea800 JavaThread "Signal Dispatcher" daemon [_thread_blocked, id=37736, stack(0x00000007b9b00000,0x00000007b9c00000)]
  0x0000019bd3bed800 JavaThread "Attach Listener" daemon [_thread_blocked, id=30280, stack(0x00000007b9c00000,0x00000007b9d00000)]
  0x0000019bd3bee800 JavaThread "Service Thread" daemon [_thread_blocked, id=31920, stack(0x00000007b9d00000,0x00000007b9e00000)]
  0x0000019bd44e9000 JavaThread "C2 CompilerThread0" daemon [_thread_blocked, id=16480, stack(0x00000007b9e00000,0x00000007b9f00000)]
  0x0000019bd44f2800 JavaThread "C1 CompilerThread0" daemon [_thread_blocked, id=40364, stack(0x00000007b9f00000,0x00000007ba000000)]
  0x0000019bd453e800 JavaThread "Sweeper thread" daemon [_thread_blocked, id=9680, stack(0x00000007ba000000,0x00000007ba100000)]
  0x0000019bd4692000 JavaThread "Notification Thread" daemon [_thread_blocked, id=22876, stack(0x00000007ba100000,0x00000007ba200000)]
  0x0000019bd468c000 JavaThread "Common-Cleaner" daemon [_thread_blocked, id=24836, stack(0x00000007ba300000,0x00000007ba400000)]
  0x0000019bd4692800 JavaThread "Java2D Disposer" daemon [_thread_blocked, id=36136, stack(0x00000007ba400000,0x00000007ba500000)]
  0x0000019bd468e800 JavaThread "AWT-Windows" daemon [_thread_in_native, id=41716, stack(0x00000007ba600000,0x00000007ba700000)]

Other Threads:
=>0x0000019bd449e000 VMThread "VM Thread" [stack: 0x00000007b9800000,0x00000007b9900000] [id=27764]
  0x0000019bd4698000 WatcherThread [stack: 0x00000007ba200000,0x00000007ba300000] [id=42860]
  0x0000019bb531a800 GCTaskThread "GC Thread#0" [stack: 0x00000007b9300000,0x00000007b9400000] [id=15564]
  0x0000019bd4a72800 GCTaskThread "GC Thread#1" [stack: 0x00000007ba500000,0x00000007ba600000] [id=41980]
  0x0000019bd4e3c800 GCTaskThread "GC Thread#2" [stack: 0x00000007ba800000,0x00000007ba900000] [id=28928]
  0x0000019bd4e3d800 GCTaskThread "GC Thread#3" [stack: 0x00000007ba900000,0x00000007baa00000] [id=18608]
  0x0000019bb533c000 ConcurrentGCThread "G1 Main Marker" [stack: 0x00000007b9400000,0x00000007b9500000] [id=33344]
  0x0000019bb533e800 ConcurrentGCThread "G1 Conc#0" [stack: 0x00000007b9500000,0x00000007b9600000] [id=11372]
  0x0000019bd3ab6800 ConcurrentGCThread "G1 Refine#0" [stack: 0x00000007b9600000,0x00000007b9700000] [id=36468]
  0x0000019bd3ab9800 ConcurrentGCThread "G1 Young RemSet Sampling" [stack: 0x00000007b9700000,0x00000007b9800000] [id=44972]

Threads with active compile tasks:

VM state:at safepoint (normal execution)

VM Mutex/Monitor currently owned by a thread:  ([mutex/lock_event])
[0x0000019bb52ad750] Threads_lock - owner thread: 0x0000019bd449e000
[0x0000019bb52adbd0] Heap_lock - owner thread: 0x0000019bb533c000

Heap address: 0x00000004d6400000, size: 4072 MB, Compressed Oops mode: Zero based, Oop shift amount: 3
Narrow klass base: 0x0000000000000000, Narrow klass shift: 3
Compressed class space size: 1073741824 Address: 0x00000005d4c00000

Heap:
 garbage-first heap   total 512000K, used 306165K [0x00000004d6400000, 0x00000005d4c00000)
  region size 1024K, 2 young (2048K), 2 survivors (2048K)
 Metaspace       used 10921K, capacity 11044K, committed 11392K, reserved 1058816K
  class space    used 982K, capacity 1048K, committed 1152K, reserved 1048576K
Heap Regions: E=young(eden), S=young(survivor), O=old, HS=humongous(starts), HC=humongous(continues), CS=collection set, F=free, OA=open archive, CA=closed archive, TAMS=top-at-mark-start (previous, next)
|   0|0x00000004d6400000, 0x00000004d6500000, 0x00000004d6500000|100%| O|  |TAMS 0x00000004d6500000, 0x00000004d6400000| Updating 
|   1|0x00000004d6500000, 0x00000004d6600000, 0x00000004d6600000|100%| O|  |TAMS 0x00000004d6600000, 0x00000004d6500000| Updating 
|   2|0x00000004d6600000, 0x00000004d66a8400, 0x00000004d6700000| 65%| O|  |TAMS 0x00000004d66a8400, 0x00000004d6600000| Updating 
|   3|0x00000004d6700000, 0x00000004d6800000, 0x00000004d6800000|100%|HS|  |TAMS 0x00000004d6800000, 0x00000004d6700000| Complete 
|   4|0x00000004d6800000, 0x00000004d6900000, 0x00000004d6900000|100%|HC|  |TAMS 0x00000004d6900000, 0x00000004d6800000| Complete 
|   5|0x00000004d6900000, 0x00000004d6a00000, 0x00000004d6a00000|100%|HC|  |TAMS 0x00000004d6a00000, 0x00000004d6900000| Complete 
|   6|0x00000004d6a00000, 0x00000004d6b00000, 0x00000004d6b00000|100%|HC|  |TAMS 0x00000004d6b00000, 0x00000004d6a00000| Complete 
|   7|0x00000004d6b00000, 0x00000004d6c00000, 0x00000004d6c00000|100%|HC|  |TAMS 0x00000004d6c00000, 0x00000004d6b00000| Complete 
|   8|0x00000004d6c00000, 0x00000004d6d00000, 0x00000004d6d00000|100%|HC|  |TAMS 0x00000004d6d00000, 0x00000004d6c00000| Complete 
|   9|0x00000004d6d00000, 0x00000004d6e00000, 0x00000004d6e00000|100%|HC|  |TAMS 0x00000004d6e00000, 0x00000004d6d00000| Complete 
|  10|0x00000004d6e00000, 0x00000004d6f00000, 0x00000004d6f00000|100%|HC|  |TAMS 0x00000004d6f00000, 0x00000004d6e00000| Complete 
|  11|0x00000004d6f00000, 0x00000004d7000000, 0x00000004d7000000|100%|HC|  |TAMS 0x00000004d7000000, 0x00000004d6f00000| Complete 
|  12|0x00000004d7000000, 0x00000004d7100000, 0x00000004d7100000|100%|HC|  |TAMS 0x00000004d7100000, 0x00000004d7000000| Complete 
|  13|0x00000004d7100000, 0x00000004d7200000, 0x00000004d7200000|100%|HC|  |TAMS 0x00000004d7200000, 0x00000004d7100000| Complete 
|  14|0x00000004d7200000, 0x00000004d7300000, 0x00000004d7300000|100%|HC|  |TAMS 0x00000004d7300000, 0x00000004d7200000| Complete 
|  15|0x00000004d7300000, 0x00000004d7400000, 0x00000004d7400000|100%|HC|  |TAMS 0x00000004d7400000, 0x00000004d7300000| Complete 
|  16|0x00000004d7400000, 0x00000004d7500000, 0x00000004d7500000|100%|HC|  |TAMS 0x00000004d7500000, 0x00000004d7400000| Complete 
|  17|0x00000004d7500000, 0x00000004d7600000, 0x00000004d7600000|100%|HC|  |TAMS 0x00000004d7600000, 0x00000004d7500000| Complete 
|  18|0x00000004d7600000, 0x00000004d7700000, 0x00000004d7700000|100%|HC|  |TAMS 0x00000004d7700000, 0x00000004d7600000| Complete 
|  19|0x00000004d7700000, 0x00000004d7800000, 0x00000004d7800000|100%|HC|  |TAMS 0x00000004d7800000, 0x00000004d7700000| Complete 
|  20|0x00000004d7800000, 0x00000004d7900000, 0x00000004d7900000|100%|HC|  |TAMS 0x00000004d7900000, 0x00000004d7800000| Complete 
|  21|0x00000004d7900000, 0x00000004d7a00000, 0x00000004d7a00000|100%|HC|  |TAMS 0x00000004d7a00000, 0x00000004d7900000| Complete 
|  22|0x00000004d7a00000, 0x00000004d7b00000, 0x00000004d7b00000|100%|HC|  |TAMS 0x00000004d7b00000, 0x00000004d7a00000| Complete 
|  23|0x00000004d7b00000, 0x00000004d7c00000, 0x00000004d7c00000|100%|HC|  |TAMS 0x00000004d7c00000, 0x00000004d7b00000| Complete 
|  24|0x00000004d7c00000, 0x00000004d7d00000, 0x00000004d7d00000|100%|HC|  |TAMS 0x00000004d7d00000, 0x00000004d7c00000| Complete 
|  25|0x00000004d7d00000, 0x00000004d7e00000, 0x00000004d7e00000|100%|HC|  |TAMS 0x00000004d7e00000, 0x00000004d7d00000| Complete 
|  26|0x00000004d7e00000, 0x00000004d7f00000, 0x00000004d7f00000|100%|HC|  |TAMS 0x00000004d7f00000, 0x00000004d7e00000| Complete 
|  27|0x00000004d7f00000, 0x00000004d8000000, 0x00000004d8000000|100%|HC|  |TAMS 0x00000004d8000000, 0x00000004d7f00000| Complete 
|  28|0x00000004d8000000, 0x00000004d8100000, 0x00000004d8100000|100%|HC|  |TAMS 0x00000004d8100000, 0x00000004d8000000| Complete 
|  29|0x00000004d8100000, 0x00000004d8200000, 0x00000004d8200000|100%|HC|  |TAMS 0x00000004d8200000, 0x00000004d8100000| Complete 
|  30|0x00000004d8200000, 0x00000004d8300000, 0x00000004d8300000|100%|HC|  |TAMS 0x00000004d8300000, 0x00000004d8200000| Complete 
|  31|0x00000004d8300000, 0x00000004d8400000, 0x00000004d8400000|100%|HC|  |TAMS 0x00000004d8400000, 0x00000004d8300000| Complete 
|  32|0x00000004d8400000, 0x00000004d8500000, 0x00000004d8500000|100%|HC|  |TAMS 0x00000004d8500000, 0x00000004d8400000| Complete 
|  33|0x00000004d8500000, 0x00000004d8600000, 0x00000004d8600000|100%|HC|  |TAMS 0x00000004d8600000, 0x00000004d8500000| Complete 
|  34|0x00000004d8600000, 0x00000004d8700000, 0x00000004d8700000|100%|HC|  |TAMS 0x00000004d8700000, 0x00000004d8600000| Complete 
|  35|0x00000004d8700000, 0x00000004d8800000, 0x00000004d8800000|100%|HC|  |TAMS 0x00000004d8800000, 0x00000004d8700000| Complete 
|  36|0x00000004d8800000, 0x00000004d8900000, 0x00000004d8900000|100%|HC|  |TAMS 0x00000004d8900000, 0x00000004d8800000| Complete 
|  37|0x00000004d8900000, 0x00000004d8a00000, 0x00000004d8a00000|100%|HC|  |TAMS 0x00000004d8a00000, 0x00000004d8900000| Complete 
|  38|0x00000004d8a00000, 0x00000004d8b00000, 0x00000004d8b00000|100%|HC|  |TAMS 0x00000004d8b00000, 0x00000004d8a00000| Complete 
|  39|0x00000004d8b00000, 0x00000004d8c00000, 0x00000004d8c00000|100%|HC|  |TAMS 0x00000004d8c00000, 0x00000004d8b00000| Complete 
|  40|0x00000004d8c00000, 0x00000004d8d00000, 0x00000004d8d00000|100%|HC|  |TAMS 0x00000004d8d00000, 0x00000004d8c00000| Complete 
|  41|0x00000004d8d00000, 0x00000004d8e00000, 0x00000004d8e00000|100%|HC|  |TAMS 0x00000004d8e00000, 0x00000004d8d00000| Complete 
|  42|0x00000004d8e00000, 0x00000004d8f00000, 0x00000004d8f00000|100%|HC|  |TAMS 0x00000004d8f00000, 0x00000004d8e00000| Complete 
|  43|0x00000004d8f00000, 0x00000004d9000000, 0x00000004d9000000|100%|HC|  |TAMS 0x00000004d9000000, 0x00000004d8f00000| Complete 
|  44|0x00000004d9000000, 0x00000004d9100000, 0x00000004d9100000|100%|HC|  |TAMS 0x00000004d9100000, 0x00000004d9000000| Complete 
|  45|0x00000004d9100000, 0x00000004d9200000, 0x00000004d9200000|100%|HC|  |TAMS 0x00000004d9200000, 0x00000004d9100000| Complete 
|  46|0x00000004d9200000, 0x00000004d9300000, 0x00000004d9300000|100%|HC|  |TAMS 0x00000004d9300000, 0x00000004d9200000| Complete 
|  47|0x00000004d9300000, 0x00000004d9400000, 0x00000004d9400000|100%|HC|  |TAMS 0x00000004d9400000, 0x00000004d9300000| Complete 
|  48|0x00000004d9400000, 0x00000004d9500000, 0x00000004d9500000|100%|HC|  |TAMS 0x00000004d9500000, 0x00000004d9400000| Complete 
|  49|0x00000004d9500000, 0x00000004d9600000, 0x00000004d9600000|100%|HC|  |TAMS 0x00000004d9600000, 0x00000004d9500000| Complete 
|  50|0x00000004d9600000, 0x00000004d9700000, 0x00000004d9700000|100%|HC|  |TAMS 0x00000004d9700000, 0x00000004d9600000| Complete 
|  51|0x00000004d9700000, 0x00000004d9800000, 0x00000004d9800000|100%|HC|  |TAMS 0x00000004d9800000, 0x00000004d9700000| Complete 
|  52|0x00000004d9800000, 0x00000004d9900000, 0x00000004d9900000|100%|HC|  |TAMS 0x00000004d9900000, 0x00000004d9800000| Complete 
|  53|0x00000004d9900000, 0x00000004d9a00000, 0x00000004d9a00000|100%|HC|  |TAMS 0x00000004d9a00000, 0x00000004d9900000| Complete 
|  54|0x00000004d9a00000, 0x00000004d9b00000, 0x00000004d9b00000|100%|HC|  |TAMS 0x00000004d9b00000, 0x00000004d9a00000| Complete 
|  55|0x00000004d9b00000, 0x00000004d9c00000, 0x00000004d9c00000|100%|HC|  |TAMS 0x00000004d9c00000, 0x00000004d9b00000| Complete 
|  56|0x00000004d9c00000, 0x00000004d9d00000, 0x00000004d9d00000|100%|HC|  |TAMS 0x00000004d9d00000, 0x00000004d9c00000| Complete 
|  57|0x00000004d9d00000, 0x00000004d9e00000, 0x00000004d9e00000|100%|HC|  |TAMS 0x00000004d9e00000, 0x00000004d9d00000| Complete 
|  58|0x00000004d9e00000, 0x00000004d9f00000, 0x00000004d9f00000|100%|HC|  |TAMS 0x00000004d9f00000, 0x00000004d9e00000| Complete 
|  59|0x00000004d9f00000, 0x00000004da000000, 0x00000004da000000|100%|HC|  |TAMS 0x00000004da000000, 0x00000004d9f00000| Complete 
|  60|0x00000004da000000, 0x00000004da100000, 0x00000004da100000|100%|HC|  |TAMS 0x00000004da100000, 0x00000004da000000| Complete 
|  61|0x00000004da100000, 0x00000004da200000, 0x00000004da200000|100%|HC|  |TAMS 0x00000004da200000, 0x00000004da100000| Complete 
|  62|0x00000004da200000, 0x00000004da300000, 0x00000004da300000|100%|HS|  |TAMS 0x00000004da300000, 0x00000004da200000| Complete 
|  63|0x00000004da300000, 0x00000004da400000, 0x00000004da400000|100%|HC|  |TAMS 0x00000004da400000, 0x00000004da300000| Complete 
|  64|0x00000004da400000, 0x00000004da500000, 0x00000004da500000|100%|HC|  |TAMS 0x00000004da500000, 0x00000004da400000| Complete 
|  65|0x00000004da500000, 0x00000004da600000, 0x00000004da600000|100%|HC|  |TAMS 0x00000004da600000, 0x00000004da500000| Complete 
|  66|0x00000004da600000, 0x00000004da700000, 0x00000004da700000|100%|HC|  |TAMS 0x00000004da700000, 0x00000004da600000| Complete 
|  67|0x00000004da700000, 0x00000004da800000, 0x00000004da800000|100%|HC|  |TAMS 0x00000004da800000, 0x00000004da700000| Complete 
|  68|0x00000004da800000, 0x00000004da900000, 0x00000004da900000|100%|HC|  |TAMS 0x00000004da900000, 0x00000004da800000| Complete 
|  69|0x00000004da900000, 0x00000004daa00000, 0x00000004daa00000|100%|HC|  |TAMS 0x00000004daa00000, 0x00000004da900000| Complete 
|  70|0x00000004daa00000, 0x00000004dab00000, 0x00000004dab00000|100%|HC|  |TAMS 0x00000004dab00000, 0x00000004daa00000| Complete 
|  71|0x00000004dab00000, 0x00000004dac00000, 0x00000004dac00000|100%|HC|  |TAMS 0x00000004dac00000, 0x00000004dab00000| Complete 
|  72|0x00000004dac00000, 0x00000004dad00000, 0x00000004dad00000|100%|HC|  |TAMS 0x00000004dad00000, 0x00000004dac00000| Complete 
|  73|0x00000004dad00000, 0x00000004dae00000, 0x00000004dae00000|100%|HC|  |TAMS 0x00000004dae00000, 0x00000004dad00000| Complete 
|  74|0x00000004dae00000, 0x00000004daf00000, 0x00000004daf00000|100%|HC|  |TAMS 0x00000004daf00000, 0x00000004dae00000| Complete 
|  75|0x00000004daf00000, 0x00000004db000000, 0x00000004db000000|100%|HC|  |TAMS 0x00000004db000000, 0x00000004daf00000| Complete 
|  76|0x00000004db000000, 0x00000004db100000, 0x00000004db100000|100%|HC|  |TAMS 0x00000004db100000, 0x00000004db000000| Complete 
|  77|0x00000004db100000, 0x00000004db200000, 0x00000004db200000|100%|HC|  |TAMS 0x00000004db200000, 0x00000004db100000| Complete 
|  78|0x00000004db200000, 0x00000004db300000, 0x00000004db300000|100%|HC|  |TAMS 0x00000004db300000, 0x00000004db200000| Complete 
|  79|0x00000004db300000, 0x00000004db400000, 0x00000004db400000|100%|HC|  |TAMS 0x00000004db400000, 0x00000004db300000| Complete 
|  80|0x00000004db400000, 0x00000004db500000, 0x00000004db500000|100%|HC|  |TAMS 0x00000004db500000, 0x00000004db400000| Complete 
|  81|0x00000004db500000, 0x00000004db600000, 0x00000004db600000|100%|HC|  |TAMS 0x00000004db600000, 0x00000004db500000| Complete 
|  82|0x00000004db600000, 0x00000004db700000, 0x00000004db700000|100%|HC|  |TAMS 0x00000004db700000, 0x00000004db600000| Complete 
|  83|0x00000004db700000, 0x00000004db800000, 0x00000004db800000|100%|HC|  |TAMS 0x00000004db800000, 0x00000004db700000| Complete 
|  84|0x00000004db800000, 0x00000004db900000, 0x00000004db900000|100%|HC|  |TAMS 0x00000004db900000, 0x00000004db800000| Complete 
|  85|0x00000004db900000, 0x00000004dba00000, 0x00000004dba00000|100%|HC|  |TAMS 0x00000004dba00000, 0x00000004db900000| Complete 
|  86|0x00000004dba00000, 0x00000004dbb00000, 0x00000004dbb00000|100%|HC|  |TAMS 0x00000004dbb00000, 0x00000004dba00000| Complete 
|  87|0x00000004dbb00000, 0x00000004dbc00000, 0x00000004dbc00000|100%|HC|  |TAMS 0x00000004dbc00000, 0x00000004dbb00000| Complete 
|  88|0x00000004dbc00000, 0x00000004dbd00000, 0x00000004dbd00000|100%|HC|  |TAMS 0x00000004dbd00000, 0x00000004dbc00000| Complete 
|  89|0x00000004dbd00000, 0x00000004dbe00000, 0x00000004dbe00000|100%|HC|  |TAMS 0x00000004dbe00000, 0x00000004dbd00000| Complete 
|  90|0x00000004dbe00000, 0x00000004dbf00000, 0x00000004dbf00000|100%|HC|  |TAMS 0x00000004dbf00000, 0x00000004dbe00000| Complete 
|  91|0x00000004dbf00000, 0x00000004dc000000, 0x00000004dc000000|100%|HC|  |TAMS 0x00000004dc000000, 0x00000004dbf00000| Complete 
|  92|0x00000004dc000000, 0x00000004dc100000, 0x00000004dc100000|100%|HC|  |TAMS 0x00000004dc100000, 0x00000004dc000000| Complete 
|  93|0x00000004dc100000, 0x00000004dc200000, 0x00000004dc200000|100%|HC|  |TAMS 0x00000004dc200000, 0x00000004dc100000| Complete 
|  94|0x00000004dc200000, 0x00000004dc300000, 0x00000004dc300000|100%|HC|  |TAMS 0x00000004dc300000, 0x00000004dc200000| Complete 
|  95|0x00000004dc300000, 0x00000004dc400000, 0x00000004dc400000|100%|HC|  |TAMS 0x00000004dc400000, 0x00000004dc300000| Complete 
|  96|0x00000004dc400000, 0x00000004dc500000, 0x00000004dc500000|100%|HC|  |TAMS 0x00000004dc500000, 0x00000004dc400000| Complete 
|  97|0x00000004dc500000, 0x00000004dc600000, 0x00000004dc600000|100%|HC|  |TAMS 0x00000004dc600000, 0x00000004dc500000| Complete 
|  98|0x00000004dc600000, 0x00000004dc700000, 0x00000004dc700000|100%|HC|  |TAMS 0x00000004dc700000, 0x00000004dc600000| Complete 
|  99|0x00000004dc700000, 0x00000004dc800000, 0x00000004dc800000|100%|HC|  |TAMS 0x00000004dc800000, 0x00000004dc700000| Complete 
| 100|0x00000004dc800000, 0x00000004dc900000, 0x00000004dc900000|100%|HC|  |TAMS 0x00000004dc900000, 0x00000004dc800000| Complete 
| 101|0x00000004dc900000, 0x00000004dca00000, 0x00000004dca00000|100%|HC|  |TAMS 0x00000004dca00000, 0x00000004dc900000| Complete 
| 102|0x00000004dca00000, 0x00000004dcb00000, 0x00000004dcb00000|100%|HC|  |TAMS 0x00000004dcb00000, 0x00000004dca00000| Complete 
| 103|0x00000004dcb00000, 0x00000004dcc00000, 0x00000004dcc00000|100%|HC|  |TAMS 0x00000004dcc00000, 0x00000004dcb00000| Complete 
| 104|0x00000004dcc00000, 0x00000004dcd00000, 0x00000004dcd00000|100%|HC|  |TAMS 0x00000004dcd00000, 0x00000004dcc00000| Complete 
| 105|0x00000004dcd00000, 0x00000004dce00000, 0x00000004dce00000|100%|HC|  |TAMS 0x00000004dce00000, 0x00000004dcd00000| Complete 
| 106|0x00000004dce00000, 0x00000004dcf00000, 0x00000004dcf00000|100%|HC|  |TAMS 0x00000004dcf00000, 0x00000004dce00000| Complete 
| 107|0x00000004dcf00000, 0x00000004dd000000, 0x00000004dd000000|100%|HC|  |TAMS 0x00000004dd000000, 0x00000004dcf00000| Complete 
| 108|0x00000004dd000000, 0x00000004dd100000, 0x00000004dd100000|100%|HC|  |TAMS 0x00000004dd100000, 0x00000004dd000000| Complete 
| 109|0x00000004dd100000, 0x00000004dd200000, 0x00000004dd200000|100%|HC|  |TAMS 0x00000004dd200000, 0x00000004dd100000| Complete 
| 110|0x00000004dd200000, 0x00000004dd300000, 0x00000004dd300000|100%|HC|  |TAMS 0x00000004dd300000, 0x00000004dd200000| Complete 
| 111|0x00000004dd300000, 0x00000004dd400000, 0x00000004dd400000|100%|HC|  |TAMS 0x00000004dd400000, 0x00000004dd300000| Complete 
| 112|0x00000004dd400000, 0x00000004dd500000, 0x00000004dd500000|100%|HC|  |TAMS 0x00000004dd500000, 0x00000004dd400000| Complete 
| 113|0x00000004dd500000, 0x00000004dd600000, 0x00000004dd600000|100%|HC|  |TAMS 0x00000004dd600000, 0x00000004dd500000| Complete 
| 114|0x00000004dd600000, 0x00000004dd700000, 0x00000004dd700000|100%|HC|  |TAMS 0x00000004dd700000, 0x00000004dd600000| Complete 
| 115|0x00000004dd700000, 0x00000004dd800000, 0x00000004dd800000|100%|HC|  |TAMS 0x00000004dd800000, 0x00000004dd700000| Complete 
| 116|0x00000004dd800000, 0x00000004dd900000, 0x00000004dd900000|100%|HC|  |TAMS 0x00000004dd900000, 0x00000004dd800000| Complete 
| 117|0x00000004dd900000, 0x00000004dda00000, 0x00000004dda00000|100%|HC|  |TAMS 0x00000004dda00000, 0x00000004dd900000| Complete 
| 118|0x00000004dda00000, 0x00000004ddb00000, 0x00000004ddb00000|100%|HC|  |TAMS 0x00000004ddb00000, 0x00000004dda00000| Complete 
| 119|0x00000004ddb00000, 0x00000004ddc00000, 0x00000004ddc00000|100%|HC|  |TAMS 0x00000004ddc00000, 0x00000004ddb00000| Complete 
| 120|0x00000004ddc00000, 0x00000004ddd00000, 0x00000004ddd00000|100%|HC|  |TAMS 0x00000004ddd00000, 0x00000004ddc00000| Complete 
| 121|0x00000004ddd00000, 0x00000004dde00000, 0x00000004dde00000|100%|HS|  |TAMS 0x00000004dde00000, 0x00000004ddd00000| Complete 
| 122|0x00000004dde00000, 0x00000004ddf00000, 0x00000004ddf00000|100%|HC|  |TAMS 0x00000004ddf00000, 0x00000004dde00000| Complete 
| 123|0x00000004ddf00000, 0x00000004de000000, 0x00000004de000000|100%|HC|  |TAMS 0x00000004de000000, 0x00000004ddf00000| Complete 
| 124|0x00000004de000000, 0x00000004de100000, 0x00000004de100000|100%|HC|  |TAMS 0x00000004de100000, 0x00000004de000000| Complete 
| 125|0x00000004de100000, 0x00000004de200000, 0x00000004de200000|100%|HC|  |TAMS 0x00000004de200000, 0x00000004de100000| Complete 
| 126|0x00000004de200000, 0x00000004de300000, 0x00000004de300000|100%|HC|  |TAMS 0x00000004de300000, 0x00000004de200000| Complete 
| 127|0x00000004de300000, 0x00000004de400000, 0x00000004de400000|100%|HC|  |TAMS 0x00000004de400000, 0x00000004de300000| Complete 
| 128|0x00000004de400000, 0x00000004de500000, 0x00000004de500000|100%|HC|  |TAMS 0x00000004de500000, 0x00000004de400000| Complete 
| 129|0x00000004de500000, 0x00000004de600000, 0x00000004de600000|100%|HC|  |TAMS 0x00000004de600000, 0x00000004de500000| Complete 
| 130|0x00000004de600000, 0x00000004de700000, 0x00000004de700000|100%|HC|  |TAMS 0x00000004de700000, 0x00000004de600000| Complete 
| 131|0x00000004de700000, 0x00000004de800000, 0x00000004de800000|100%|HC|  |TAMS 0x00000004de800000, 0x00000004de700000| Complete 
| 132|0x00000004de800000, 0x00000004de900000, 0x00000004de900000|100%|HC|  |TAMS 0x00000004de900000, 0x00000004de800000| Complete 
| 133|0x00000004de900000, 0x00000004dea00000, 0x00000004dea00000|100%|HC|  |TAMS 0x00000004dea00000, 0x00000004de900000| Complete 
| 134|0x00000004dea00000, 0x00000004deb00000, 0x00000004deb00000|100%|HC|  |TAMS 0x00000004deb00000, 0x00000004dea00000| Complete 
| 135|0x00000004deb00000, 0x00000004dec00000, 0x00000004dec00000|100%|HC|  |TAMS 0x00000004dec00000, 0x00000004deb00000| Complete 
| 136|0x00000004dec00000, 0x00000004ded00000, 0x00000004ded00000|100%|HC|  |TAMS 0x00000004ded00000, 0x00000004dec00000| Complete 
| 137|0x00000004ded00000, 0x00000004dee00000, 0x00000004dee00000|100%|HC|  |TAMS 0x00000004dee00000, 0x00000004ded00000| Complete 
| 138|0x00000004dee00000, 0x00000004def00000, 0x00000004def00000|100%|HC|  |TAMS 0x00000004def00000, 0x00000004dee00000| Complete 
| 139|0x00000004def00000, 0x00000004df000000, 0x00000004df000000|100%|HC|  |TAMS 0x00000004df000000, 0x00000004def00000| Complete 
| 140|0x00000004df000000, 0x00000004df100000, 0x00000004df100000|100%|HC|  |TAMS 0x00000004df100000, 0x00000004df000000| Complete 
| 141|0x00000004df100000, 0x00000004df200000, 0x00000004df200000|100%|HC|  |TAMS 0x00000004df200000, 0x00000004df100000| Complete 
| 142|0x00000004df200000, 0x00000004df300000, 0x00000004df300000|100%|HC|  |TAMS 0x00000004df300000, 0x00000004df200000| Complete 
| 143|0x00000004df300000, 0x00000004df400000, 0x00000004df400000|100%|HC|  |TAMS 0x00000004df400000, 0x00000004df300000| Complete 
| 144|0x00000004df400000, 0x00000004df500000, 0x00000004df500000|100%|HC|  |TAMS 0x00000004df500000, 0x00000004df400000| Complete 
| 145|0x00000004df500000, 0x00000004df600000, 0x00000004df600000|100%|HC|  |TAMS 0x00000004df600000, 0x00000004df500000| Complete 
| 146|0x00000004df600000, 0x00000004df700000, 0x00000004df700000|100%|HC|  |TAMS 0x00000004df700000, 0x00000004df600000| Complete 
| 147|0x00000004df700000, 0x00000004df800000, 0x00000004df800000|100%|HC|  |TAMS 0x00000004df800000, 0x00000004df700000| Complete 
| 148|0x00000004df800000, 0x00000004df900000, 0x00000004df900000|100%|HC|  |TAMS 0x00000004df900000, 0x00000004df800000| Complete 
| 149|0x00000004df900000, 0x00000004dfa00000, 0x00000004dfa00000|100%|HC|  |TAMS 0x00000004dfa00000, 0x00000004df900000| Complete 
| 150|0x00000004dfa00000, 0x00000004dfb00000, 0x00000004dfb00000|100%|HC|  |TAMS 0x00000004dfb00000, 0x00000004dfa00000| Complete 
| 151|0x00000004dfb00000, 0x00000004dfc00000, 0x00000004dfc00000|100%|HC|  |TAMS 0x00000004dfc00000, 0x00000004dfb00000| Complete 
| 152|0x00000004dfc00000, 0x00000004dfd00000, 0x00000004dfd00000|100%|HC|  |TAMS 0x00000004dfd00000, 0x00000004dfc00000| Complete 
| 153|0x00000004dfd00000, 0x00000004dfe00000, 0x00000004dfe00000|100%|HC|  |TAMS 0x00000004dfe00000, 0x00000004dfd00000| Complete 
| 154|0x00000004dfe00000, 0x00000004dff00000, 0x00000004dff00000|100%|HC|  |TAMS 0x00000004dff00000, 0x00000004dfe00000| Complete 
| 155|0x00000004dff00000, 0x00000004e0000000, 0x00000004e0000000|100%|HC|  |TAMS 0x00000004e0000000, 0x00000004dff00000| Complete 
| 156|0x00000004e0000000, 0x00000004e0100000, 0x00000004e0100000|100%|HC|  |TAMS 0x00000004e0100000, 0x00000004e0000000| Complete 
| 157|0x00000004e0100000, 0x00000004e0200000, 0x00000004e0200000|100%|HC|  |TAMS 0x00000004e0200000, 0x00000004e0100000| Complete 
| 158|0x00000004e0200000, 0x00000004e0300000, 0x00000004e0300000|100%|HC|  |TAMS 0x00000004e0300000, 0x00000004e0200000| Complete 
| 159|0x00000004e0300000, 0x00000004e0400000, 0x00000004e0400000|100%|HC|  |TAMS 0x00000004e0400000, 0x00000004e0300000| Complete 
| 160|0x00000004e0400000, 0x00000004e0500000, 0x00000004e0500000|100%|HC|  |TAMS 0x00000004e0500000, 0x00000004e0400000| Complete 
| 161|0x00000004e0500000, 0x00000004e0600000, 0x00000004e0600000|100%|HC|  |TAMS 0x00000004e0600000, 0x00000004e0500000| Complete 
| 162|0x00000004e0600000, 0x00000004e0700000, 0x00000004e0700000|100%|HC|  |TAMS 0x00000004e0700000, 0x00000004e0600000| Complete 
| 163|0x00000004e0700000, 0x00000004e0800000, 0x00000004e0800000|100%|HC|  |TAMS 0x00000004e0800000, 0x00000004e0700000| Complete 
| 164|0x00000004e0800000, 0x00000004e0900000, 0x00000004e0900000|100%|HC|  |TAMS 0x00000004e0900000, 0x00000004e0800000| Complete 
| 165|0x00000004e0900000, 0x00000004e0a00000, 0x00000004e0a00000|100%|HC|  |TAMS 0x00000004e0a00000, 0x00000004e0900000| Complete 
| 166|0x00000004e0a00000, 0x00000004e0b00000, 0x00000004e0b00000|100%|HC|  |TAMS 0x00000004e0b00000, 0x00000004e0a00000| Complete 
| 167|0x00000004e0b00000, 0x00000004e0c00000, 0x00000004e0c00000|100%|HC|  |TAMS 0x00000004e0c00000, 0x00000004e0b00000| Complete 
| 168|0x00000004e0c00000, 0x00000004e0d00000, 0x00000004e0d00000|100%|HC|  |TAMS 0x00000004e0d00000, 0x00000004e0c00000| Complete 
| 169|0x00000004e0d00000, 0x00000004e0e00000, 0x00000004e0e00000|100%|HC|  |TAMS 0x00000004e0e00000, 0x00000004e0d00000| Complete 
| 170|0x00000004e0e00000, 0x00000004e0f00000, 0x00000004e0f00000|100%|HC|  |TAMS 0x00000004e0f00000, 0x00000004e0e00000| Complete 
| 171|0x00000004e0f00000, 0x00000004e1000000, 0x00000004e1000000|100%|HC|  |TAMS 0x00000004e1000000, 0x00000004e0f00000| Complete 
| 172|0x00000004e1000000, 0x00000004e1100000, 0x00000004e1100000|100%|HC|  |TAMS 0x00000004e1100000, 0x00000004e1000000| Complete 
| 173|0x00000004e1100000, 0x00000004e1200000, 0x00000004e1200000|100%|HC|  |TAMS 0x00000004e1200000, 0x00000004e1100000| Complete 
| 174|0x00000004e1200000, 0x00000004e1300000, 0x00000004e1300000|100%|HC|  |TAMS 0x00000004e1300000, 0x00000004e1200000| Complete 
| 175|0x00000004e1300000, 0x00000004e1400000, 0x00000004e1400000|100%|HC|  |TAMS 0x00000004e1400000, 0x00000004e1300000| Complete 
| 176|0x00000004e1400000, 0x00000004e1500000, 0x00000004e1500000|100%|HC|  |TAMS 0x00000004e1500000, 0x00000004e1400000| Complete 
| 177|0x00000004e1500000, 0x00000004e1600000, 0x00000004e1600000|100%|HC|  |TAMS 0x00000004e1600000, 0x00000004e1500000| Complete 
| 178|0x00000004e1600000, 0x00000004e1700000, 0x00000004e1700000|100%|HC|  |TAMS 0x00000004e1700000, 0x00000004e1600000| Complete 
| 179|0x00000004e1700000, 0x00000004e1800000, 0x00000004e1800000|100%|HC|  |TAMS 0x00000004e1800000, 0x00000004e1700000| Complete 
| 180|0x00000004e1800000, 0x00000004e1900000, 0x00000004e1900000|100%|HS|  |TAMS 0x00000004e1900000, 0x00000004e1800000| Complete 
| 181|0x00000004e1900000, 0x00000004e1a00000, 0x00000004e1a00000|100%|HC|  |TAMS 0x00000004e1a00000, 0x00000004e1900000| Complete 
| 182|0x00000004e1a00000, 0x00000004e1b00000, 0x00000004e1b00000|100%|HC|  |TAMS 0x00000004e1b00000, 0x00000004e1a00000| Complete 
| 183|0x00000004e1b00000, 0x00000004e1c00000, 0x00000004e1c00000|100%|HC|  |TAMS 0x00000004e1c00000, 0x00000004e1b00000| Complete 
| 184|0x00000004e1c00000, 0x00000004e1d00000, 0x00000004e1d00000|100%|HC|  |TAMS 0x00000004e1d00000, 0x00000004e1c00000| Complete 
| 185|0x00000004e1d00000, 0x00000004e1e00000, 0x00000004e1e00000|100%|HC|  |TAMS 0x00000004e1e00000, 0x00000004e1d00000| Complete 
| 186|0x00000004e1e00000, 0x00000004e1f00000, 0x00000004e1f00000|100%|HC|  |TAMS 0x00000004e1f00000, 0x00000004e1e00000| Complete 
| 187|0x00000004e1f00000, 0x00000004e2000000, 0x00000004e2000000|100%|HC|  |TAMS 0x00000004e2000000, 0x00000004e1f00000| Complete 
| 188|0x00000004e2000000, 0x00000004e2100000, 0x00000004e2100000|100%|HC|  |TAMS 0x00000004e2100000, 0x00000004e2000000| Complete 
| 189|0x00000004e2100000, 0x00000004e2200000, 0x00000004e2200000|100%|HC|  |TAMS 0x00000004e2200000, 0x00000004e2100000| Complete 
| 190|0x00000004e2200000, 0x00000004e2300000, 0x00000004e2300000|100%|HC|  |TAMS 0x00000004e2300000, 0x00000004e2200000| Complete 
| 191|0x00000004e2300000, 0x00000004e2400000, 0x00000004e2400000|100%|HC|  |TAMS 0x00000004e2400000, 0x00000004e2300000| Complete 
| 192|0x00000004e2400000, 0x00000004e2500000, 0x00000004e2500000|100%|HC|  |TAMS 0x00000004e2500000, 0x00000004e2400000| Complete 
| 193|0x00000004e2500000, 0x00000004e2600000, 0x00000004e2600000|100%|HC|  |TAMS 0x00000004e2600000, 0x00000004e2500000| Complete 
| 194|0x00000004e2600000, 0x00000004e2700000, 0x00000004e2700000|100%|HC|  |TAMS 0x00000004e2700000, 0x00000004e2600000| Complete 
| 195|0x00000004e2700000, 0x00000004e2800000, 0x00000004e2800000|100%|HC|  |TAMS 0x00000004e2800000, 0x00000004e2700000| Complete 
| 196|0x00000004e2800000, 0x00000004e2900000, 0x00000004e2900000|100%|HC|  |TAMS 0x00000004e2900000, 0x00000004e2800000| Complete 
| 197|0x00000004e2900000, 0x00000004e2a00000, 0x00000004e2a00000|100%|HC|  |TAMS 0x00000004e2a00000, 0x00000004e2900000| Complete 
| 198|0x00000004e2a00000, 0x00000004e2b00000, 0x00000004e2b00000|100%|HC|  |TAMS 0x00000004e2b00000, 0x00000004e2a00000| Complete 
| 199|0x00000004e2b00000, 0x00000004e2c00000, 0x00000004e2c00000|100%|HC|  |TAMS 0x00000004e2c00000, 0x00000004e2b00000| Complete 
| 200|0x00000004e2c00000, 0x00000004e2d00000, 0x00000004e2d00000|100%|HC|  |TAMS 0x00000004e2d00000, 0x00000004e2c00000| Complete 
| 201|0x00000004e2d00000, 0x00000004e2e00000, 0x00000004e2e00000|100%|HC|  |TAMS 0x00000004e2e00000, 0x00000004e2d00000| Complete 
| 202|0x00000004e2e00000, 0x00000004e2f00000, 0x00000004e2f00000|100%|HC|  |TAMS 0x00000004e2f00000, 0x00000004e2e00000| Complete 
| 203|0x00000004e2f00000, 0x00000004e3000000, 0x00000004e3000000|100%|HC|  |TAMS 0x00000004e3000000, 0x00000004e2f00000| Complete 
| 204|0x00000004e3000000, 0x00000004e3100000, 0x00000004e3100000|100%|HC|  |TAMS 0x00000004e3100000, 0x00000004e3000000| Complete 
| 205|0x00000004e3100000, 0x00000004e3200000, 0x00000004e3200000|100%|HC|  |TAMS 0x00000004e3200000, 0x00000004e3100000| Complete 
| 206|0x00000004e3200000, 0x00000004e3300000, 0x00000004e3300000|100%|HC|  |TAMS 0x00000004e3300000, 0x00000004e3200000| Complete 
| 207|0x00000004e3300000, 0x00000004e3400000, 0x00000004e3400000|100%|HC|  |TAMS 0x00000004e3400000, 0x00000004e3300000| Complete 
| 208|0x00000004e3400000, 0x00000004e3500000, 0x00000004e3500000|100%|HC|  |TAMS 0x00000004e3500000, 0x00000004e3400000| Complete 
| 209|0x00000004e3500000, 0x00000004e3600000, 0x00000004e3600000|100%|HC|  |TAMS 0x00000004e3600000, 0x00000004e3500000| Complete 
| 210|0x00000004e3600000, 0x00000004e3700000, 0x00000004e3700000|100%|HC|  |TAMS 0x00000004e3700000, 0x00000004e3600000| Complete 
| 211|0x00000004e3700000, 0x00000004e3800000, 0x00000004e3800000|100%|HC|  |TAMS 0x00000004e3800000, 0x00000004e3700000| Complete 
| 212|0x00000004e3800000, 0x00000004e3900000, 0x00000004e3900000|100%|HC|  |TAMS 0x00000004e3900000, 0x00000004e3800000| Complete 
| 213|0x00000004e3900000, 0x00000004e3a00000, 0x00000004e3a00000|100%|HC|  |TAMS 0x00000004e3a00000, 0x00000004e3900000| Complete 
| 214|0x00000004e3a00000, 0x00000004e3b00000, 0x00000004e3b00000|100%|HC|  |TAMS 0x00000004e3b00000, 0x00000004e3a00000| Complete 
| 215|0x00000004e3b00000, 0x00000004e3c00000, 0x00000004e3c00000|100%|HC|  |TAMS 0x00000004e3c00000, 0x00000004e3b00000| Complete 
| 216|0x00000004e3c00000, 0x00000004e3d00000, 0x00000004e3d00000|100%|HC|  |TAMS 0x00000004e3d00000, 0x00000004e3c00000| Complete 
| 217|0x00000004e3d00000, 0x00000004e3e00000, 0x00000004e3e00000|100%|HC|  |TAMS 0x00000004e3e00000, 0x00000004e3d00000| Complete 
| 218|0x00000004e3e00000, 0x00000004e3f00000, 0x00000004e3f00000|100%|HC|  |TAMS 0x00000004e3f00000, 0x00000004e3e00000| Complete 
| 219|0x00000004e3f00000, 0x00000004e4000000, 0x00000004e4000000|100%|HC|  |TAMS 0x00000004e4000000, 0x00000004e3f00000| Complete 
| 220|0x00000004e4000000, 0x00000004e4100000, 0x00000004e4100000|100%|HC|  |TAMS 0x00000004e4100000, 0x00000004e4000000| Complete 
| 221|0x00000004e4100000, 0x00000004e4200000, 0x00000004e4200000|100%|HC|  |TAMS 0x00000004e4200000, 0x00000004e4100000| Complete 
| 222|0x00000004e4200000, 0x00000004e4300000, 0x00000004e4300000|100%|HC|  |TAMS 0x00000004e4300000, 0x00000004e4200000| Complete 
| 223|0x00000004e4300000, 0x00000004e4400000, 0x00000004e4400000|100%|HC|  |TAMS 0x00000004e4400000, 0x00000004e4300000| Complete 
| 224|0x00000004e4400000, 0x00000004e4500000, 0x00000004e4500000|100%|HC|  |TAMS 0x00000004e4500000, 0x00000004e4400000| Complete 
| 225|0x00000004e4500000, 0x00000004e4600000, 0x00000004e4600000|100%|HC|  |TAMS 0x00000004e4600000, 0x00000004e4500000| Complete 
| 226|0x00000004e4600000, 0x00000004e4700000, 0x00000004e4700000|100%|HC|  |TAMS 0x00000004e4700000, 0x00000004e4600000| Complete 
| 227|0x00000004e4700000, 0x00000004e4800000, 0x00000004e4800000|100%|HC|  |TAMS 0x00000004e4800000, 0x00000004e4700000| Complete 
| 228|0x00000004e4800000, 0x00000004e4900000, 0x00000004e4900000|100%|HC|  |TAMS 0x00000004e4900000, 0x00000004e4800000| Complete 
| 229|0x00000004e4900000, 0x00000004e4a00000, 0x00000004e4a00000|100%|HC|  |TAMS 0x00000004e4a00000, 0x00000004e4900000| Complete 
| 230|0x00000004e4a00000, 0x00000004e4b00000, 0x00000004e4b00000|100%|HC|  |TAMS 0x00000004e4b00000, 0x00000004e4a00000| Complete 
| 231|0x00000004e4b00000, 0x00000004e4c00000, 0x00000004e4c00000|100%|HC|  |TAMS 0x00000004e4c00000, 0x00000004e4b00000| Complete 
| 232|0x00000004e4c00000, 0x00000004e4d00000, 0x00000004e4d00000|100%|HC|  |TAMS 0x00000004e4d00000, 0x00000004e4c00000| Complete 
| 233|0x00000004e4d00000, 0x00000004e4e00000, 0x00000004e4e00000|100%|HC|  |TAMS 0x00000004e4e00000, 0x00000004e4d00000| Complete 
| 234|0x00000004e4e00000, 0x00000004e4f00000, 0x00000004e4f00000|100%|HC|  |TAMS 0x00000004e4f00000, 0x00000004e4e00000| Complete 
| 235|0x00000004e4f00000, 0x00000004e5000000, 0x00000004e5000000|100%|HC|  |TAMS 0x00000004e5000000, 0x00000004e4f00000| Complete 
| 236|0x00000004e5000000, 0x00000004e5100000, 0x00000004e5100000|100%|HC|  |TAMS 0x00000004e5100000, 0x00000004e5000000| Complete 
| 237|0x00000004e5100000, 0x00000004e5200000, 0x00000004e5200000|100%|HC|  |TAMS 0x00000004e5200000, 0x00000004e5100000| Complete 
| 238|0x00000004e5200000, 0x00000004e5300000, 0x00000004e5300000|100%|HC|  |TAMS 0x00000004e5300000, 0x00000004e5200000| Complete 
| 239|0x00000004e5300000, 0x00000004e5300000, 0x00000004e5400000|  0%| F|  |TAMS 0x00000004e5300000, 0x00000004e5300000| Untracked 
| 240|0x00000004e5400000, 0x00000004e5400000, 0x00000004e5500000|  0%| F|  |TAMS 0x00000004e5400000, 0x00000004e5400000| Untracked 
| 241|0x00000004e5500000, 0x00000004e5500000, 0x00000004e5600000|  0%| F|  |TAMS 0x00000004e5500000, 0x00000004e5500000| Untracked 
| 242|0x00000004e5600000, 0x00000004e5600000, 0x00000004e5700000|  0%| F|  |TAMS 0x00000004e5600000, 0x00000004e5600000| Untracked 
| 243|0x00000004e5700000, 0x00000004e5700000, 0x00000004e5800000|  0%| F|  |TAMS 0x00000004e5700000, 0x00000004e5700000| Untracked 
| 244|0x00000004e5800000, 0x00000004e5800000, 0x00000004e5900000|  0%| F|  |TAMS 0x00000004e5800000, 0x00000004e5800000| Untracked 
| 245|0x00000004e5900000, 0x00000004e5900000, 0x00000004e5a00000|  0%| F|  |TAMS 0x00000004e5900000, 0x00000004e5900000| Untracked 
| 246|0x00000004e5a00000, 0x00000004e5a00000, 0x00000004e5b00000|  0%| F|  |TAMS 0x00000004e5a00000, 0x00000004e5a00000| Untracked 
| 247|0x00000004e5b00000, 0x00000004e5b00000, 0x00000004e5c00000|  0%| F|  |TAMS 0x00000004e5b00000, 0x00000004e5b00000| Untracked 
| 248|0x00000004e5c00000, 0x00000004e5c00000, 0x00000004e5d00000|  0%| F|  |TAMS 0x00000004e5c00000, 0x00000004e5c00000| Untracked 
| 249|0x00000004e5d00000, 0x00000004e5d00000, 0x00000004e5e00000|  0%| F|  |TAMS 0x00000004e5d00000, 0x00000004e5d00000| Untracked 
| 250|0x00000004e5e00000, 0x00000004e5e00000, 0x00000004e5f00000|  0%| F|  |TAMS 0x00000004e5e00000, 0x00000004e5e00000| Untracked 
| 251|0x00000004e5f00000, 0x00000004e5f00000, 0x00000004e6000000|  0%| F|  |TAMS 0x00000004e5f00000, 0x00000004e5f00000| Untracked 
| 252|0x00000004e6000000, 0x00000004e6055320, 0x00000004e6100000| 33%| S|CS|TAMS 0x00000004e6000000, 0x00000004e6000000| Complete 
| 253|0x00000004e6100000, 0x00000004e6200000, 0x00000004e6200000|100%| S|CS|TAMS 0x00000004e6100000, 0x00000004e6100000| Complete 
| 254|0x00000004e6200000, 0x00000004e6300000, 0x00000004e6300000|100%|HS|  |TAMS 0x00000004e6200000, 0x00000004e6200000| Complete 
| 255|0x00000004e6300000, 0x00000004e6400000, 0x00000004e6400000|100%|HC|  |TAMS 0x00000004e6300000, 0x00000004e6300000| Complete 
| 256|0x00000004e6400000, 0x00000004e6500000, 0x00000004e6500000|100%|HC|  |TAMS 0x00000004e6400000, 0x00000004e6400000| Complete 
| 257|0x00000004e6500000, 0x00000004e6600000, 0x00000004e6600000|100%|HC|  |TAMS 0x00000004e6500000, 0x00000004e6500000| Complete 
| 258|0x00000004e6600000, 0x00000004e6700000, 0x00000004e6700000|100%|HC|  |TAMS 0x00000004e6600000, 0x00000004e6600000| Complete 
| 259|0x00000004e6700000, 0x00000004e6800000, 0x00000004e6800000|100%|HC|  |TAMS 0x00000004e6700000, 0x00000004e6700000| Complete 
| 260|0x00000004e6800000, 0x00000004e6900000, 0x00000004e6900000|100%|HC|  |TAMS 0x00000004e6800000, 0x00000004e6800000| Complete 
| 261|0x00000004e6900000, 0x00000004e6a00000, 0x00000004e6a00000|100%|HC|  |TAMS 0x00000004e6900000, 0x00000004e6900000| Complete 
| 262|0x00000004e6a00000, 0x00000004e6b00000, 0x00000004e6b00000|100%|HC|  |TAMS 0x00000004e6a00000, 0x00000004e6a00000| Complete 
| 263|0x00000004e6b00000, 0x00000004e6c00000, 0x00000004e6c00000|100%|HC|  |TAMS 0x00000004e6b00000, 0x00000004e6b00000| Complete 
| 264|0x00000004e6c00000, 0x00000004e6d00000, 0x00000004e6d00000|100%|HC|  |TAMS 0x00000004e6c00000, 0x00000004e6c00000| Complete 
| 265|0x00000004e6d00000, 0x00000004e6e00000, 0x00000004e6e00000|100%|HC|  |TAMS 0x00000004e6d00000, 0x00000004e6d00000| Complete 
| 266|0x00000004e6e00000, 0x00000004e6f00000, 0x00000004e6f00000|100%|HC|  |TAMS 0x00000004e6e00000, 0x00000004e6e00000| Complete 
| 267|0x00000004e6f00000, 0x00000004e7000000, 0x00000004e7000000|100%|HC|  |TAMS 0x00000004e6f00000, 0x00000004e6f00000| Complete 
| 268|0x00000004e7000000, 0x00000004e7100000, 0x00000004e7100000|100%|HC|  |TAMS 0x00000004e7000000, 0x00000004e7000000| Complete 
| 269|0x00000004e7100000, 0x00000004e7200000, 0x00000004e7200000|100%|HC|  |TAMS 0x00000004e7100000, 0x00000004e7100000| Complete 
| 270|0x00000004e7200000, 0x00000004e7300000, 0x00000004e7300000|100%|HC|  |TAMS 0x00000004e7200000, 0x00000004e7200000| Complete 
| 271|0x00000004e7300000, 0x00000004e7400000, 0x00000004e7400000|100%|HC|  |TAMS 0x00000004e7300000, 0x00000004e7300000| Complete 
| 272|0x00000004e7400000, 0x00000004e7500000, 0x00000004e7500000|100%|HC|  |TAMS 0x00000004e7400000, 0x00000004e7400000| Complete 
| 273|0x00000004e7500000, 0x00000004e7600000, 0x00000004e7600000|100%|HC|  |TAMS 0x00000004e7500000, 0x00000004e7500000| Complete 
| 274|0x00000004e7600000, 0x00000004e7700000, 0x00000004e7700000|100%|HC|  |TAMS 0x00000004e7600000, 0x00000004e7600000| Complete 
| 275|0x00000004e7700000, 0x00000004e7800000, 0x00000004e7800000|100%|HC|  |TAMS 0x00000004e7700000, 0x00000004e7700000| Complete 
| 276|0x00000004e7800000, 0x00000004e7900000, 0x00000004e7900000|100%|HC|  |TAMS 0x00000004e7800000, 0x00000004e7800000| Complete 
| 277|0x00000004e7900000, 0x00000004e7a00000, 0x00000004e7a00000|100%|HC|  |TAMS 0x00000004e7900000, 0x00000004e7900000| Complete 
| 278|0x00000004e7a00000, 0x00000004e7b00000, 0x00000004e7b00000|100%|HC|  |TAMS 0x00000004e7a00000, 0x00000004e7a00000| Complete 
| 279|0x00000004e7b00000, 0x00000004e7c00000, 0x00000004e7c00000|100%|HC|  |TAMS 0x00000004e7b00000, 0x00000004e7b00000| Complete 
| 280|0x00000004e7c00000, 0x00000004e7d00000, 0x00000004e7d00000|100%|HC|  |TAMS 0x00000004e7c00000, 0x00000004e7c00000| Complete 
| 281|0x00000004e7d00000, 0x00000004e7e00000, 0x00000004e7e00000|100%|HC|  |TAMS 0x00000004e7d00000, 0x00000004e7d00000| Complete 
| 282|0x00000004e7e00000, 0x00000004e7f00000, 0x00000004e7f00000|100%|HC|  |TAMS 0x00000004e7e00000, 0x00000004e7e00000| Complete 
| 283|0x00000004e7f00000, 0x00000004e8000000, 0x00000004e8000000|100%|HC|  |TAMS 0x00000004e7f00000, 0x00000004e7f00000| Complete 
| 284|0x00000004e8000000, 0x00000004e8100000, 0x00000004e8100000|100%|HC|  |TAMS 0x00000004e8000000, 0x00000004e8000000| Complete 
| 285|0x00000004e8100000, 0x00000004e8200000, 0x00000004e8200000|100%|HC|  |TAMS 0x00000004e8100000, 0x00000004e8100000| Complete 
| 286|0x00000004e8200000, 0x00000004e8300000, 0x00000004e8300000|100%|HC|  |TAMS 0x00000004e8200000, 0x00000004e8200000| Complete 
| 287|0x00000004e8300000, 0x00000004e8400000, 0x00000004e8400000|100%|HC|  |TAMS 0x00000004e8300000, 0x00000004e8300000| Complete 
| 288|0x00000004e8400000, 0x00000004e8500000, 0x00000004e8500000|100%|HC|  |TAMS 0x00000004e8400000, 0x00000004e8400000| Complete 
| 289|0x00000004e8500000, 0x00000004e8600000, 0x00000004e8600000|100%|HC|  |TAMS 0x00000004e8500000, 0x00000004e8500000| Complete 
| 290|0x00000004e8600000, 0x00000004e8700000, 0x00000004e8700000|100%|HC|  |TAMS 0x00000004e8600000, 0x00000004e8600000| Complete 
| 291|0x00000004e8700000, 0x00000004e8800000, 0x00000004e8800000|100%|HC|  |TAMS 0x00000004e8700000, 0x00000004e8700000| Complete 
| 292|0x00000004e8800000, 0x00000004e8900000, 0x00000004e8900000|100%|HC|  |TAMS 0x00000004e8800000, 0x00000004e8800000| Complete 
| 293|0x00000004e8900000, 0x00000004e8a00000, 0x00000004e8a00000|100%|HC|  |TAMS 0x00000004e8900000, 0x00000004e8900000| Complete 
| 294|0x00000004e8a00000, 0x00000004e8b00000, 0x00000004e8b00000|100%|HC|  |TAMS 0x00000004e8a00000, 0x00000004e8a00000| Complete 
| 295|0x00000004e8b00000, 0x00000004e8c00000, 0x00000004e8c00000|100%|HC|  |TAMS 0x00000004e8b00000, 0x00000004e8b00000| Complete 
| 296|0x00000004e8c00000, 0x00000004e8d00000, 0x00000004e8d00000|100%|HC|  |TAMS 0x00000004e8c00000, 0x00000004e8c00000| Complete 
| 297|0x00000004e8d00000, 0x00000004e8e00000, 0x00000004e8e00000|100%|HC|  |TAMS 0x00000004e8d00000, 0x00000004e8d00000| Complete 
| 298|0x00000004e8e00000, 0x00000004e8f00000, 0x00000004e8f00000|100%|HC|  |TAMS 0x00000004e8e00000, 0x00000004e8e00000| Complete 
| 299|0x00000004e8f00000, 0x00000004e9000000, 0x00000004e9000000|100%|HC|  |TAMS 0x00000004e8f00000, 0x00000004e8f00000| Complete 
| 300|0x00000004e9000000, 0x00000004e9100000, 0x00000004e9100000|100%|HC|  |TAMS 0x00000004e9000000, 0x00000004e9000000| Complete 
| 301|0x00000004e9100000, 0x00000004e9200000, 0x00000004e9200000|100%|HC|  |TAMS 0x00000004e9100000, 0x00000004e9100000| Complete 
| 302|0x00000004e9200000, 0x00000004e9300000, 0x00000004e9300000|100%|HC|  |TAMS 0x00000004e9200000, 0x00000004e9200000| Complete 
| 303|0x00000004e9300000, 0x00000004e9400000, 0x00000004e9400000|100%|HC|  |TAMS 0x00000004e9300000, 0x00000004e9300000| Complete 
| 304|0x00000004e9400000, 0x00000004e9500000, 0x00000004e9500000|100%|HC|  |TAMS 0x00000004e9400000, 0x00000004e9400000| Complete 
| 305|0x00000004e9500000, 0x00000004e9600000, 0x00000004e9600000|100%|HC|  |TAMS 0x00000004e9500000, 0x00000004e9500000| Complete 
| 306|0x00000004e9600000, 0x00000004e9700000, 0x00000004e9700000|100%|HC|  |TAMS 0x00000004e9600000, 0x00000004e9600000| Complete 
| 307|0x00000004e9700000, 0x00000004e9800000, 0x00000004e9800000|100%|HC|  |TAMS 0x00000004e9700000, 0x00000004e9700000| Complete 
| 308|0x00000004e9800000, 0x00000004e9900000, 0x00000004e9900000|100%|HC|  |TAMS 0x00000004e9800000, 0x00000004e9800000| Complete 
| 309|0x00000004e9900000, 0x00000004e9a00000, 0x00000004e9a00000|100%|HC|  |TAMS 0x00000004e9900000, 0x00000004e9900000| Complete 
| 310|0x00000004e9a00000, 0x00000004e9b00000, 0x00000004e9b00000|100%|HC|  |TAMS 0x00000004e9a00000, 0x00000004e9a00000| Complete 
| 311|0x00000004e9b00000, 0x00000004e9c00000, 0x00000004e9c00000|100%|HC|  |TAMS 0x00000004e9b00000, 0x00000004e9b00000| Complete 
| 312|0x00000004e9c00000, 0x00000004e9d00000, 0x00000004e9d00000|100%|HC|  |TAMS 0x00000004e9c00000, 0x00000004e9c00000| Complete 
| 313|0x00000004e9d00000, 0x00000004e9d00000, 0x00000004e9e00000|  0%| F|  |TAMS 0x00000004e9d00000, 0x00000004e9d00000| Untracked 
| 314|0x00000004e9e00000, 0x00000004e9e00000, 0x00000004e9f00000|  0%| F|  |TAMS 0x00000004e9e00000, 0x00000004e9e00000| Untracked 

Card table byte_map: [0x0000019bc8770000,0x0000019bc8f70000] _byte_map_base: 0x0000019bc60be000

Marking Bits (Prev, Next): (CMBitMap*) 0x0000019bb531afd8, (CMBitMap*) 0x0000019bb531b018
 Prev Bits: [0x0000019bc9770000, 0x0000019bcd710000)
 Next Bits: [0x0000019bcd710000, 0x0000019bd16b0000)

Polling page: 0x0000019bb2740000

Metaspace:

Usage:
  Non-class:      9.76 MB capacity,     9.71 MB (>99%) used,    43.73 KB ( <1%) free+waste,    13.13 KB ( <1%) overhead. 
      Class:      1.02 MB capacity,   982.38 KB ( 94%) used,    59.56 KB (  6%) free+waste,     6.06 KB ( <1%) overhead. 
       Both:     10.79 MB capacity,    10.67 MB ( 99%) used,   103.29 KB ( <1%) free+waste,    19.19 KB ( <1%) overhead. 

Virtual space:
  Non-class space:       10.00 MB reserved,      10.00 MB (100%) committed 
      Class space:        1.00 GB reserved,       1.13 MB ( <1%) committed 
             Both:        1.01 GB reserved,      11.13 MB (  1%) committed 

Chunk freelists:
   Non-Class:  52.00 KB
       Class:  8.00 KB
        Both:  60.00 KB

MaxMetaspaceSize: 17179869184.00 GB
CompressedClassSpaceSize: 1.00 GB

CodeHeap 'non-profiled nmethods': size=120000Kb used=370Kb max_used=370Kb free=119629Kb
 bounds [0x0000019bc0a40000, 0x0000019bc0cb0000, 0x0000019bc7f70000]
CodeHeap 'profiled nmethods': size=120000Kb used=1651Kb max_used=1651Kb free=118348Kb
 bounds [0x0000019bb9510000, 0x0000019bb9780000, 0x0000019bc0a40000]
CodeHeap 'non-nmethods': size=5760Kb used=1227Kb max_used=1265Kb free=4532Kb
 bounds [0x0000019bb8f70000, 0x0000019bb91e0000, 0x0000019bb9510000]
 total_blobs=1495 nmethods=993 adapters=415
 compilation: enabled
              stopped_count=0, restarted_count=0
 full_count=0

Compilation events (20 events):
Event: 5.989 Thread 0x0000019bd44f2800 nmethod 988 0x0000019bb96ab410 code [0x0000019bb96ab5c0, 0x0000019bb96ab858]
Event: 5.990 Thread 0x0000019bd44f2800  989       3       java.lang.CharacterDataLatin1::isJavaIdentifierPart (20 bytes)
Event: 5.990 Thread 0x0000019bd44f2800 nmethod 989 0x0000019bb96ab990 code [0x0000019bb96abb40, 0x0000019bb96abd58]
Event: 5.994 Thread 0x0000019bd44e9000 nmethod 981 0x0000019bc0a9a290 code [0x0000019bc0a9a4a0, 0x0000019bc0a9ab98]
Event: 5.994 Thread 0x0000019bd44e9000  987       4       java.lang.String::checkIndex (48 bytes)
Event: 5.994 Thread 0x0000019bd44e9000 nmethod 987 0x0000019bc0a9af10 code [0x0000019bc0a9b0a0, 0x0000019bc0a9b158]
Event: 5.994 Thread 0x0000019bd44e9000  982       4       java.util.HashMap::containsKey (18 bytes)
Event: 6.002 Thread 0x0000019bd44e9000 nmethod 982 0x0000019bc0a9b210 code [0x0000019bc0a9b420, 0x0000019bc0a9bb18]
Event: 6.038 Thread 0x0000019bd44e9000  990       4       java.lang.StringUTF16::charAt (11 bytes)
Event: 6.039 Thread 0x0000019bd44f2800  992       3       java.util.ArrayList::grow (60 bytes)
Event: 6.039 Thread 0x0000019bd44e9000 nmethod 990 0x0000019bc0a9be90 code [0x0000019bc0a9c020, 0x0000019bc0a9c0d8]
Event: 6.039 Thread 0x0000019bd44e9000  991       4       java.lang.Character::hashCode (8 bytes)
Event: 6.042 Thread 0x0000019bd44f2800 nmethod 992 0x0000019bb96abe90 code [0x0000019bb96ac0a0, 0x0000019bb96ac818]
Event: 6.042 Thread 0x0000019bd44f2800  994       3       sun.java2d.SunGraphics2D::getFontMetrics (29 bytes)
Event: 6.043 Thread 0x0000019bd44e9000 nmethod 991 0x0000019bc0a9c210 code [0x0000019bc0a9c380, 0x0000019bc0a9c3d8]
Event: 6.043 Thread 0x0000019bd44e9000  993       4       java.util.ArrayList$Itr::hasNext (20 bytes)
Event: 6.043 Thread 0x0000019bd44f2800 nmethod 994 0x0000019bb96aca90 code [0x0000019bb96acc40, 0x0000019bb96ace78]
Event: 6.043 Thread 0x0000019bd44f2800  995       1       java.awt.Font::hasLayoutAttributes (5 bytes)
Event: 6.043 Thread 0x0000019bd44f2800 nmethod 995 0x0000019bc0a9c510 code [0x0000019bc0a9c6a0, 0x0000019bc0a9c758]
Event: 6.043 Thread 0x0000019bd44e9000 nmethod 993 0x0000019bc0a9c810 code [0x0000019bc0a9c9a0, 0x0000019bc0a9ca38]

GC Heap History (8 events):
Event: 5.194 GC heap before
{Heap before GC invocations=0 (full 0):
 garbage-first heap   total 262144K, used 13312K [0x00000004d6400000, 0x00000005d4c00000)
  region size 1024K, 13 young (13312K), 0 survivors (0K)
 Metaspace       used 10615K, capacity 10815K, committed 11008K, reserved 1058816K
  class space    used 958K, capacity 1012K, committed 1024K, reserved 1048576K
}
Event: 5.203 GC heap after
{Heap after GC invocations=1 (full 0):
 garbage-first heap   total 262144K, used 2715K [0x00000004d6400000, 0x00000005d4c00000)
  region size 1024K, 2 young (2048K), 2 survivors (2048K)
 Metaspace       used 10615K, capacity 10815K, committed 11008K, reserved 1058816K
  class space    used 958K, capacity 1012K, committed 1024K, reserved 1048576K
}
Event: 5.726 GC heap before
{Heap before GC invocations=1 (full 0):
 garbage-first heap   total 262144K, used 16027K [0x00000004d6400000, 0x00000005d4c00000)
  region size 1024K, 15 young (15360K), 2 survivors (2048K)
 Metaspace       used 10851K, capacity 11012K, committed 11264K, reserved 1058816K
  class space    used 978K, capacity 1016K, committed 1024K, reserved 1048576K
}
Event: 5.730 GC heap after
{Heap after GC invocations=2 (full 0):
 garbage-first heap   total 262144K, used 3378K [0x00000004d6400000, 0x00000005d4c00000)
  region size 1024K, 1 young (1024K), 1 survivors (1024K)
 Metaspace       used 10851K, capacity 11012K, committed 11264K, reserved 1058816K
  class space    used 978K, capacity 1016K, committed 1024K, reserved 1048576K
}
Event: 5.863 GC heap before
{Heap before GC invocations=2 (full 0):
 garbage-first heap   total 262144K, used 68914K [0x00000004d6400000, 0x00000005d4c00000)
  region size 1024K, 7 young (7168K), 1 survivors (1024K)
 Metaspace       used 10916K, capacity 11044K, committed 11392K, reserved 1058816K
  class space    used 982K, capacity 1048K, committed 1152K, reserved 1048576K
}
Event: 5.866 GC heap after
{Heap after GC invocations=3 (full 0):
 garbage-first heap   total 262144K, used 64554K [0x00000004d6400000, 0x00000005d4c00000)
  region size 1024K, 2 young (2048K), 2 survivors (2048K)
 Metaspace       used 10916K, capacity 11044K, committed 11392K, reserved 1058816K
  class space    used 982K, capacity 1048K, committed 1152K, reserved 1048576K
}
Event: 6.039 GC heap before
{Heap before GC invocations=4 (full 0):
 garbage-first heap   total 262144K, used 246826K [0x00000004d6400000, 0x00000005d4c00000)
  region size 1024K, 4 young (4096K), 2 survivors (2048K)
 Metaspace       used 10921K, capacity 11044K, committed 11392K, reserved 1058816K
  class space    used 982K, capacity 1048K, committed 1152K, reserved 1048576K
}
Event: 6.042 GC heap after
{Heap after GC invocations=5 (full 0):
 garbage-first heap   total 262144K, used 245749K [0x00000004d6400000, 0x00000005d4c00000)
  region size 1024K, 2 young (2048K), 2 survivors (2048K)
 Metaspace       used 10921K, capacity 11044K, committed 11392K, reserved 1058816K
  class space    used 982K, capacity 1048K, committed 1152K, reserved 1048576K
}

Deoptimization events (20 events):
Event: 5.858 Thread 0x0000019bb52b1000 Uncommon trap: trap_request=0xffffff45 fr.pc=0x0000019bc0a92050 relative=0x00000000000003d0
Event: 5.858 Thread 0x0000019bb52b1000 Uncommon trap: reason=unstable_if action=reinterpret pc=0x0000019bc0a92050 method=java.lang.AbstractStringBuilder.append(C)Ljava/lang/AbstractStringBuilder; @ 14 c2
Event: 5.858 Thread 0x0000019bb52b1000 DEOPT PACKING pc=0x0000019bc0a92050 sp=0x00000007b92fed90
Event: 5.858 Thread 0x0000019bb52b1000 DEOPT UNPACKING pc=0x0000019bb8fb912f sp=0x00000007b92fed70 mode 2
Event: 5.860 Thread 0x0000019bb52b1000 Uncommon trap: trap_request=0xffffffde fr.pc=0x0000019bc0a6dd40 relative=0x0000000000000400
Event: 5.860 Thread 0x0000019bb52b1000 Uncommon trap: reason=class_check action=maybe_recompile pc=0x0000019bc0a6dd40 method=java.util.HashMap.getNode(ILjava/lang/Object;)Ljava/util/HashMap$Node; @ 59 c2
Event: 5.860 Thread 0x0000019bb52b1000 DEOPT PACKING pc=0x0000019bc0a6dd40 sp=0x00000007b92fed40
Event: 5.860 Thread 0x0000019bb52b1000 DEOPT UNPACKING pc=0x0000019bb8fb912f sp=0x00000007b92fecb8 mode 2
Event: 5.860 Thread 0x0000019bb52b1000 Uncommon trap: trap_request=0xffffffde fr.pc=0x0000019bc0a6dd40 relative=0x0000000000000400
Event: 5.860 Thread 0x0000019bb52b1000 Uncommon trap: reason=class_check action=maybe_recompile pc=0x0000019bc0a6dd40 method=java.util.HashMap.getNode(ILjava/lang/Object;)Ljava/util/HashMap$Node; @ 59 c2
Event: 5.860 Thread 0x0000019bb52b1000 DEOPT PACKING pc=0x0000019bc0a6dd40 sp=0x00000007b92fed40
Event: 5.860 Thread 0x0000019bb52b1000 DEOPT UNPACKING pc=0x0000019bb8fb912f sp=0x00000007b92fecb8 mode 2
Event: 5.860 Thread 0x0000019bb52b1000 Uncommon trap: trap_request=0xffffffde fr.pc=0x0000019bc0a6ddf8 relative=0x00000000000004b8
Event: 5.860 Thread 0x0000019bb52b1000 Uncommon trap: reason=class_check action=maybe_recompile pc=0x0000019bc0a6ddf8 method=java.util.HashMap.getNode(ILjava/lang/Object;)Ljava/util/HashMap$Node; @ 126 c2
Event: 5.860 Thread 0x0000019bb52b1000 DEOPT PACKING pc=0x0000019bc0a6ddf8 sp=0x00000007b92fed40
Event: 5.861 Thread 0x0000019bb52b1000 DEOPT UNPACKING pc=0x0000019bb8fb912f sp=0x00000007b92fecb8 mode 2
Event: 5.861 Thread 0x0000019bb52b1000 Uncommon trap: trap_request=0xffffffde fr.pc=0x0000019bc0a6ddf8 relative=0x00000000000004b8
Event: 5.861 Thread 0x0000019bb52b1000 Uncommon trap: reason=class_check action=maybe_recompile pc=0x0000019bc0a6ddf8 method=java.util.HashMap.getNode(ILjava/lang/Object;)Ljava/util/HashMap$Node; @ 126 c2
Event: 5.861 Thread 0x0000019bb52b1000 DEOPT PACKING pc=0x0000019bc0a6ddf8 sp=0x00000007b92fed40
Event: 5.861 Thread 0x0000019bb52b1000 DEOPT UNPACKING pc=0x0000019bb8fb912f sp=0x00000007b92fecb8 mode 2

Classes unloaded (0 events):
No events

Classes redefined (0 events):
No events

Internal exceptions (5 events):
Event: 0.455 Thread 0x0000019bb52b1000 Exception <a 'java/lang/ClassNotFoundException'{0x00000004e63f5118}: sun/awt/resources/spi/awtProvider> (0x00000004e63f5118) 
thrown [./open/src/hotspot/share/classfile/systemDictionary.cpp, line 226]
Event: 0.644 Thread 0x0000019bb52b1000 Exception <a 'java/io/FileNotFoundException'{0x00000004e624e5e8}> (0x00000004e624e5e8) 
thrown [./open/src/hotspot/share/prims/jni.cpp, line 599]
Event: 0.675 Thread 0x0000019bb52b1000 Exception <a 'java/io/FileNotFoundException'{0x00000004e6274aa8}> (0x00000004e6274aa8) 
thrown [./open/src/hotspot/share/prims/jni.cpp, line 599]
Event: 1.525 Thread 0x0000019bb52b1000 Exception <a 'java/lang/NoSuchMethodError'{0x00000004e6099d40}: 'int java.lang.invoke.DirectMethodHandle$Holder.invokeSpecialIFC(java.lang.Object, java.lang.Object, int)'> (0x00000004e6099d40) 
thrown [./open/src/hotspot/share/interpreter/linkResolver.cpp, line 766]
Event: 2.227 Thread 0x0000019bd468e800 Exception <a 'java/lang/NoSuchMethodError'{0x00000004e5f47e08}: 'void java.lang.invoke.DirectMethodHandle$Holder.invokeSpecial(java.lang.Object, java.lang.Object)'> (0x00000004e5f47e08) 
thrown [./open/src/hotspot/share/interpreter/linkResolver.cpp, line 766]

Events (20 events):
Event: 5.653 loading class java/io/InputStreamReader
Event: 5.653 loading class java/io/InputStreamReader done
Event: 5.726 Executing VM operation: G1CollectForAllocation
Event: 5.730 Executing VM operation: G1CollectForAllocation done
Event: 5.782 loading class java/util/StringJoiner
Event: 5.782 loading class java/util/StringJoiner done
Event: 5.782 loading class java/lang/Character$CharacterCache
Event: 5.782 loading class java/lang/Character$CharacterCache done
Event: 5.783 loading class java/lang/StrictMath
Event: 5.783 loading class java/lang/StrictMath done
Event: 5.799 Loaded shared library C:\Users\Christopher\.p2\pool\plugins\org.eclipse.justj.openjdk.hotspot.jre.full.win32.x86_64_14.0.2.v20200815-0932\jre\bin\java.dll
Event: 5.863 Executing VM operation: G1TryInitiateConcMark
Event: 5.866 Executing VM operation: G1TryInitiateConcMark done
Event: 5.880 Executing VM operation: G1Concurrent
Event: 5.926 Executing VM operation: G1Concurrent done
Event: 5.930 Executing VM operation: G1Concurrent
Event: 5.988 Executing VM operation: G1Concurrent done
Event: 6.039 Executing VM operation: G1TryInitiateConcMark
Event: 6.042 Executing VM operation: G1TryInitiateConcMark done
Event: 6.054 Executing VM operation: G1Concurrent


Dynamic libraries:
0x00007ff6fe950000 - 0x00007ff6fe95d000 	C:\Users\Christopher\.p2\pool\plugins\org.eclipse.justj.openjdk.hotspot.jre.full.win32.x86_64_14.0.2.v20200815-0932\jre\bin\javaw.exe
0x00007ffa90210000 - 0x00007ffa90408000 	C:\WINDOWS\SYSTEM32\ntdll.dll
0x00007ffa8e610000 - 0x00007ffa8e6d2000 	C:\WINDOWS\System32\KERNEL32.DLL
0x00007ffa8dd70000 - 0x00007ffa8e066000 	C:\WINDOWS\System32\KERNELBASE.dll
0x00007ffa5efe0000 - 0x00007ffa5f0bc000 	C:\Program Files\Bitdefender\Bitdefender Security\bdhkm\dlls_267527734152809750\bdhkm64.dll
0x00007ffa5ee10000 - 0x00007ffa5efd5000 	C:\Program Files\Bitdefender\Bitdefender Security\atcuf\dlls_267666384443722635\atcuf64.dll
0x00007ffa8da80000 - 0x00007ffa8db80000 	C:\WINDOWS\System32\ucrtbase.dll
0x00007ffa6a6c0000 - 0x00007ffa6a6d8000 	C:\Users\Christopher\.p2\pool\plugins\org.eclipse.justj.openjdk.hotspot.jre.full.win32.x86_64_14.0.2.v20200815-0932\jre\bin\jli.dll
0x00007ffa8fce0000 - 0x00007ffa8fe7d000 	C:\WINDOWS\System32\USER32.dll
0x00007ffa8d8f0000 - 0x00007ffa8d912000 	C:\WINDOWS\System32\win32u.dll
0x00007ffa8e230000 - 0x00007ffa8e25b000 	C:\WINDOWS\System32\GDI32.dll
0x00007ffa8e070000 - 0x00007ffa8e18a000 	C:\WINDOWS\System32\gdi32full.dll
0x00007ffa8e190000 - 0x00007ffa8e22d000 	C:\WINDOWS\System32\msvcp_win.dll
0x00007ffa68d70000 - 0x00007ffa68d85000 	C:\Users\Christopher\.p2\pool\plugins\org.eclipse.justj.openjdk.hotspot.jre.full.win32.x86_64_14.0.2.v20200815-0932\jre\bin\VCRUNTIME140.dll
0x00007ffa74880000 - 0x00007ffa74b1a000 	C:\WINDOWS\WinSxS\amd64_microsoft.windows.common-controls_6595b64144ccf1df_6.0.19041.4355_none_60b8b9eb71f62e16\COMCTL32.dll
0x00007ffa8e940000 - 0x00007ffa8e9de000 	C:\WINDOWS\System32\msvcrt.dll
0x00007ffa8e880000 - 0x00007ffa8e8af000 	C:\WINDOWS\System32\IMM32.DLL
0x00007ffa62870000 - 0x00007ffa6290b000 	C:\Users\Christopher\.p2\pool\plugins\org.eclipse.justj.openjdk.hotspot.jre.full.win32.x86_64_14.0.2.v20200815-0932\jre\bin\msvcp140.dll
0x00007ff94ed30000 - 0x00007ff94f84e000 	C:\Users\Christopher\.p2\pool\plugins\org.eclipse.justj.openjdk.hotspot.jre.full.win32.x86_64_14.0.2.v20200815-0932\jre\bin\server\jvm.dll
0x00007ffa8e7c0000 - 0x00007ffa8e86f000 	C:\WINDOWS\System32\ADVAPI32.dll
0x00007ffa900d0000 - 0x00007ffa9016f000 	C:\WINDOWS\System32\sechost.dll
0x00007ffa8fa90000 - 0x00007ffa8fbb3000 	C:\WINDOWS\System32\RPCRT4.dll
0x00007ffa8dd40000 - 0x00007ffa8dd67000 	C:\WINDOWS\System32\bcrypt.dll
0x00007ffa8e8d0000 - 0x00007ffa8e8d8000 	C:\WINDOWS\System32\PSAPI.DLL
0x00007ffa720d0000 - 0x00007ffa720d9000 	C:\WINDOWS\SYSTEM32\WSOCK32.dll
0x00007ffa8f9a0000 - 0x00007ffa8fa0b000 	C:\WINDOWS\System32\WS2_32.dll
0x00007ffa86910000 - 0x00007ffa86937000 	C:\WINDOWS\SYSTEM32\WINMM.dll
0x00007ffa81380000 - 0x00007ffa8138a000 	C:\WINDOWS\SYSTEM32\VERSION.dll
0x00007ffa8c3c0000 - 0x00007ffa8c3d2000 	C:\WINDOWS\SYSTEM32\kernel.appcore.dll
0x00007ffa62570000 - 0x00007ffa6257a000 	C:\Users\Christopher\.p2\pool\plugins\org.eclipse.justj.openjdk.hotspot.jre.full.win32.x86_64_14.0.2.v20200815-0932\jre\bin\jimage.dll
0x00007ffa8bdd0000 - 0x00007ffa8bfb4000 	C:\WINDOWS\SYSTEM32\DBGHELP.DLL
0x00007ffa77ea0000 - 0x00007ffa77ed4000 	C:\WINDOWS\SYSTEM32\dbgcore.DLL
0x00007ffa8db80000 - 0x00007ffa8dc02000 	C:\WINDOWS\System32\bcryptPrimitives.dll
0x00007ffa1e4d0000 - 0x00007ffa1e4f5000 	C:\Users\Christopher\.p2\pool\plugins\org.eclipse.justj.openjdk.hotspot.jre.full.win32.x86_64_14.0.2.v20200815-0932\jre\bin\java.dll
0x00007ffa27ac0000 - 0x00007ffa27ad6000 	C:\Users\Christopher\.p2\pool\plugins\org.eclipse.justj.openjdk.hotspot.jre.full.win32.x86_64_14.0.2.v20200815-0932\jre\bin\zip.dll
0x00007ffa8eed0000 - 0x00007ffa8f63f000 	C:\WINDOWS\System32\SHELL32.dll
0x00007ffa8b550000 - 0x00007ffa8bcf3000 	C:\WINDOWS\SYSTEM32\windows.storage.dll
0x00007ffa8f640000 - 0x00007ffa8f995000 	C:\WINDOWS\System32\combase.dll
0x00007ffa8d2d0000 - 0x00007ffa8d2fb000 	C:\WINDOWS\SYSTEM32\Wldp.dll
0x00007ffa8e540000 - 0x00007ffa8e60d000 	C:\WINDOWS\System32\OLEAUT32.dll
0x00007ffa8ffc0000 - 0x00007ffa9006d000 	C:\WINDOWS\System32\SHCORE.dll
0x00007ffa8e8e0000 - 0x00007ffa8e935000 	C:\WINDOWS\System32\shlwapi.dll
0x00007ffa8d7d0000 - 0x00007ffa8d7f5000 	C:\WINDOWS\SYSTEM32\profapi.dll
0x00007ff9ba110000 - 0x00007ff9ba2a8000 	C:\Users\Christopher\.p2\pool\plugins\org.eclipse.justj.openjdk.hotspot.jre.full.win32.x86_64_14.0.2.v20200815-0932\jre\bin\awt.dll
0x00007ffa8a160000 - 0x00007ffa8a1f4000 	C:\WINDOWS\SYSTEM32\apphelp.dll
0x00007ffa8b070000 - 0x00007ffa8b09f000 	C:\WINDOWS\system32\DWMAPI.DLL
0x00007ffa8a790000 - 0x00007ffa8a82e000 	C:\WINDOWS\system32\uxtheme.dll
0x00007ffa4cad0000 - 0x00007ffa4cb52000 	C:\Users\Christopher\.p2\pool\plugins\org.eclipse.justj.openjdk.hotspot.jre.full.win32.x86_64_14.0.2.v20200815-0932\jre\bin\freetype.dll
0x00007ffa3ac40000 - 0x00007ffa3ace6000 	C:\Users\Christopher\.p2\pool\plugins\org.eclipse.justj.openjdk.hotspot.jre.full.win32.x86_64_14.0.2.v20200815-0932\jre\bin\fontmanager.dll
0x00007ffa1aeb0000 - 0x00007ffa1aec9000 	C:\Users\Christopher\.p2\pool\plugins\org.eclipse.justj.openjdk.hotspot.jre.full.win32.x86_64_14.0.2.v20200815-0932\jre\bin\net.dll
0x00007ffa85060000 - 0x00007ffa8516a000 	C:\WINDOWS\SYSTEM32\WINHTTP.dll
0x00007ffa8d030000 - 0x00007ffa8d09c000 	C:\WINDOWS\system32\mswsock.dll
0x00007ffa0ca20000 - 0x00007ffa0ca32000 	C:\Users\Christopher\.p2\pool\plugins\org.eclipse.justj.openjdk.hotspot.jre.full.win32.x86_64_14.0.2.v20200815-0932\jre\bin\nio.dll
0x00007ffa6e000000 - 0x00007ffa6e128000 	C:\WINDOWS\system32\opengl32.dll
0x00007ffa6de20000 - 0x00007ffa6de4c000 	C:\WINDOWS\SYSTEM32\GLU32.dll
0x00007ffa636a0000 - 0x00007ffa63a61000 	c:\program files (x86)\trusteer\rapport\bin\x64\rooksbas_x64.dll
0x00007ffa8cb30000 - 0x00007ffa8cb63000 	C:\WINDOWS\SYSTEM32\ntmarta.dll
0x00007ffa8fbc0000 - 0x00007ffa8fcd5000 	C:\WINDOWS\System32\MSCTF.dll
0x00007ffa8e260000 - 0x00007ffa8e38b000 	C:\WINDOWS\System32\ole32.dll

dbghelp: loaded successfully - version: 4.0.5 - missing functions: none
symbol engine: initialized successfully - sym options: 0x614 - pdb path: .;C:\Users\Christopher\.p2\pool\plugins\org.eclipse.justj.openjdk.hotspot.jre.full.win32.x86_64_14.0.2.v20200815-0932\jre\bin;C:\WINDOWS\SYSTEM32;C:\Program Files\Bitdefender\Bitdefender Security\bdhkm\dlls_267527734152809750;C:\Program Files\Bitdefender\Bitdefender Security\atcuf\dlls_267666384443722635;C:\WINDOWS\WinSxS\amd64_microsoft.windows.common-controls_6595b64144ccf1df_6.0.19041.4355_none_60b8b9eb71f62e16;C:\Users\Christopher\.p2\pool\plugins\org.eclipse.justj.openjdk.hotspot.jre.full.win32.x86_64_14.0.2.v20200815-0932\jre\bin\server;c:\program files (x86)\trusteer\rapport\bin\x64

VM Arguments:
jvm_args: -Dfile.encoding=UTF-8 -XX:+ShowCodeDetailsInExceptionMessages 
java_command: Hearts.DrawHeartsValentineJpgPng
java_class_path (initial): C:\Java\HeartsValentine\bin
Launcher Type: SUN_STANDARD

[Global flags]
     intx CICompilerCount                          = 3                                         {product} {ergonomic}
     uint ConcGCThreads                            = 1                                         {product} {ergonomic}
     uint G1ConcRefinementThreads                  = 4                                         {product} {ergonomic}
   size_t G1HeapRegionSize                         = 1048576                                   {product} {ergonomic}
    uintx GCDrainStackTargetSize                   = 64                                        {product} {ergonomic}
   size_t InitialHeapSize                          = 268435456                                 {product} {ergonomic}
   size_t MarkStackSize                            = 4194304                                   {product} {ergonomic}
   size_t MaxHeapSize                              = 4269801472                                {product} {ergonomic}
   size_t MaxNewSize                               = 2561671168                                {product} {ergonomic}
   size_t MinHeapDeltaBytes                        = 1048576                                   {product} {ergonomic}
   size_t MinHeapSize                              = 8388608                                   {product} {ergonomic}
    uintx NonNMethodCodeHeapSize                   = 5832780                                {pd product} {ergonomic}
    uintx NonProfiledCodeHeapSize                  = 122912730                              {pd product} {ergonomic}
    uintx ProfiledCodeHeapSize                     = 122912730                              {pd product} {ergonomic}
    uintx ReservedCodeCacheSize                    = 251658240                              {pd product} {ergonomic}
     bool SegmentedCodeCache                       = true                                      {product} {ergonomic}
     bool ShowCodeDetailsInExceptionMessages       = true                                   {manageable} {command line}
   size_t SoftMaxHeapSize                          = 4269801472                             {manageable} {ergonomic}
     bool UseCompressedClassPointers               = true                                 {lp64_product} {ergonomic}
     bool UseCompressedOops                        = true                                 {lp64_product} {ergonomic}
     bool UseG1GC                                  = true                                      {product} {ergonomic}
     bool UseLargePagesIndividualAllocation        = false                                  {pd product} {ergonomic}

Logging:
Log output configuration:
 #0: stdout all=warning uptime,level,tags
 #1: stderr all=off uptime,level,tags

Environment Variables:
PATH=C:/Users/Christopher/.p2/pool/plugins/org.eclipse.justj.openjdk.hotspot.jre.full.win32.x86_64_14.0.2.v20200815-0932/jre/bin/server;C:/Users/Christopher/.p2/pool/plugins/org.eclipse.justj.openjdk.hotspot.jre.full.win32.x86_64_14.0.2.v20200815-0932/jre/bin;C:\WINDOWS\system32;C:\WINDOWS;C:\WINDOWS\System32\Wbem;C:\WINDOWS\System32\WindowsPowerShell\v1.0\;C:\WINDOWS\System32\OpenSSH\;c:\Program Files (x86)\Microsoft SQL Server\100\Tools\Binn\;c:\Program Files\Microsoft SQL Server\100\Tools\Binn\;c:\Program Files\Microsoft SQL Server\100\DTS\Binn\;C:\texlive\2019\bin\win32;C:\Program Files\Datalogics\PDF Checker;C:\Program Files\Datalogics\PDF Optimizer;C:\Program Files\Git\cmd;C:\Program Files\dotnet\;C:\Program Files (x86)\Intel\Intel(R) Management Engine Components\DAL;C:\Program Files\Intel\Intel(R) Management Engine Components\DAL;C:\Program Files\Microsoft SQL Server\150\Tools\Binn\;C:\Program Files\Microsoft SQL Server\Client SDK\ODBC\170\Tools\Binn\;C:\Program Files (x86)\Windows Kits\10\Windows Performance Toolkit\;C:\Users\Christopher\AppData\Local\Microsoft\WindowsApps;C:\Users\Christopher\AppData\Local\GitHubDesktop\bin;C:\Program Files\JetBrains\IntelliJ IDEA Community Edition 2023.2\bin;;C:\Users\Christopher\.dotnet\tools;C:\WINDOWS\system32;
USERNAME=Christopher
OS=Windows_NT
PROCESSOR_IDENTIFIER=Intel64 Family 6 Model 142 Stepping 9, GenuineIntel



---------------  S Y S T E M  ---------------

OS: Windows 10 , 64 bit Build 19041 (10.0.19041.5678)
OS uptime: 13 days 16:18 hours

CPU:total 4 (initial active 4) (2 cores per cpu, 2 threads per core) family 6 model 142 stepping 9, cmov, cx8, fxsr, mmx, sse, sse2, sse3, ssse3, sse4.1, sse4.2, popcnt, avx, avx2, aes, clmul, erms, 3dnowpref, lzcnt, ht, tsc, tscinvbit, bmi1, bmi2, adx, fma

Memory: 4k page, system-wide physical 16282M (66M free)
TotalPageFile size 65434M (AvailPageFile size 51M)
current process WorkingSet (physical memory assigned to process): 381M, peak: 381M
current process commit charge ("private bytes"): 419M, peak: 604M

vm_info: OpenJDK 64-Bit Server VM (14.0.2+12-46) for windows-amd64 JRE (14.0.2+12-46), built on Jul  9 2020 00:31:16 by "mach5one" with MS VC++ 15.9 (VS2017)

END.
